mode: atomic
github.com/reearth/reearth/server/e2e/common.go:28.13,30.2 1 1
github.com/reearth/reearth/server/e2e/common.go:32.101,35.2 2 12
github.com/reearth/reearth/server/e2e/common.go:37.84,40.14 2 25
github.com/reearth/reearth/server/e2e/common.go:40.14,44.3 3 24
github.com/reearth/reearth/server/e2e/common.go:44.8,46.3 1 1
github.com/reearth/reearth/server/e2e/common.go:48.2,48.19 1 1
github.com/reearth/reearth/server/e2e/common.go:48.19,49.44 1 0
github.com/reearth/reearth/server/e2e/common.go:49.44,51.4 1 0
github.com/reearth/reearth/server/e2e/common.go:54.2,54.14 1 1
github.com/reearth/reearth/server/e2e/common.go:57.39,61.2 1 1
github.com/reearth/reearth/server/e2e/common.go:63.148,67.2 3 13
github.com/reearth/reearth/server/e2e/common.go:69.132,72.21 2 1
github.com/reearth/reearth/server/e2e/common.go:72.21,74.3 1 0
github.com/reearth/reearth/server/e2e/common.go:76.2,79.16 3 1
github.com/reearth/reearth/server/e2e/common.go:79.16,81.3 1 0
github.com/reearth/reearth/server/e2e/common.go:83.2,92.12 3 1
github.com/reearth/reearth/server/e2e/common.go:92.12,93.55 1 1
github.com/reearth/reearth/server/e2e/common.go:93.55,95.4 1 0
github.com/reearth/reearth/server/e2e/common.go:96.3,96.12 1 1
github.com/reearth/reearth/server/e2e/common.go:99.2,99.19 1 1
github.com/reearth/reearth/server/e2e/common.go:99.19,100.60 1 1
github.com/reearth/reearth/server/e2e/common.go:100.60,102.4 1 0
github.com/reearth/reearth/server/e2e/common.go:104.3,104.30 1 1
github.com/reearth/reearth/server/e2e/common.go:104.30,106.4 1 0
github.com/reearth/reearth/server/e2e/common.go:109.2,109.55 1 1
github.com/reearth/reearth/server/e2e/common.go:118.130,121.2 2 12
github.com/reearth/reearth/server/e2e/common.go:123.138,127.2 3 12
github.com/reearth/reearth/server/e2e/common.go:129.143,132.21 2 0
github.com/reearth/reearth/server/e2e/common.go:132.21,134.3 1 0
github.com/reearth/reearth/server/e2e/common.go:136.2,138.16 3 0
github.com/reearth/reearth/server/e2e/common.go:138.16,140.3 1 0
github.com/reearth/reearth/server/e2e/common.go:142.2,156.12 3 0
github.com/reearth/reearth/server/e2e/common.go:156.12,157.55 1 0
github.com/reearth/reearth/server/e2e/common.go:157.55,159.4 1 0
github.com/reearth/reearth/server/e2e/common.go:160.3,160.12 1 0
github.com/reearth/reearth/server/e2e/common.go:162.2,162.19 1 0
github.com/reearth/reearth/server/e2e/common.go:162.19,163.60 1 0
github.com/reearth/reearth/server/e2e/common.go:163.60,165.4 1 0
github.com/reearth/reearth/server/e2e/common.go:167.3,167.30 1 0
github.com/reearth/reearth/server/e2e/common.go:167.30,169.4 1 0
github.com/reearth/reearth/server/e2e/common.go:171.2,171.55 1 0
github.com/reearth/reearth/server/e2e/seeder.go:38.63,47.44 3 0
github.com/reearth/reearth/server/e2e/seeder.go:47.44,49.3 1 0
github.com/reearth/reearth/server/e2e/seeder.go:51.2,59.49 3 0
github.com/reearth/reearth/server/e2e/seeder.go:59.49,61.3 1 0
github.com/reearth/reearth/server/e2e/seeder.go:63.2,70.47 2 0
github.com/reearth/reearth/server/e2e/seeder.go:70.47,72.3 1 0
github.com/reearth/reearth/server/e2e/seeder.go:74.2,85.55 2 0
github.com/reearth/reearth/server/e2e/seeder.go:85.55,87.3 1 0
github.com/reearth/reearth/server/e2e/seeder.go:89.2,97.48 2 0
github.com/reearth/reearth/server/e2e/seeder.go:97.48,99.3 1 0
github.com/reearth/reearth/server/e2e/seeder.go:101.2,101.12 1 0
